<?xml version="1.0" encoding="UTF-8"?>
<testng-results ignored="0" total="2" passed="2" failed="0" skipped="0">
  <reporter-output>
  </reporter-output>
  <suite started-at="2025-12-04T11:09:10 IST" name="travel1" finished-at="2025-12-04T11:09:18 IST" duration-ms="8024">
    <groups>
    </groups>
    <test started-at="2025-12-04T11:09:10 IST" name="com.travel1.testcase" finished-at="2025-12-04T11:09:18 IST" duration-ms="8024">
      <class name="com.travel1.testcase.LoginClass">
        <test-method is-config="true" signature="setup()[pri:0, instance:com.travel1.testcase.LoginClass@279fedbd]" started-at="2025-12-04T11:09:10 IST" name="setup" finished-at="2025-12-04T11:09:13 IST" duration-ms="3411" status="PASS">
          <reporter-output>
          </reporter-output>
        </test-method> <!-- setup -->
        <test-method signature="login()[pri:0, instance:com.travel1.testcase.LoginClass@279fedbd]" started-at="2025-12-04T11:09:13 IST" name="login" finished-at="2025-12-04T11:09:17 IST" duration-ms="3560" status="PASS">
          <reporter-output>
          </reporter-output>
        </test-method> <!-- login -->
        <test-method signature="logout()[pri:0, instance:com.travel1.testcase.LoginClass@279fedbd]" started-at="2025-12-04T11:09:17 IST" name="logout" finished-at="2025-12-04T11:09:18 IST" duration-ms="599" status="PASS">
          <reporter-output>
          </reporter-output>
        </test-method> <!-- logout -->
      </class> <!-- com.travel1.testcase.LoginClass -->
    </test> <!-- com.travel1.testcase -->
  </suite> <!-- travel1 -->
</testng-results>
